This is pdfTeX, Version 3.14159265-2.6-1.40.21 (TeX Live 2020/Arch Linux) (preloaded format=pdflatex 2020.11.11)  11 NOV 2020 20:05
entering extended mode
 restricted \write18 enabled.
 file:line:error style messages enabled.
 %&-line parsing enabled.
**/home/neptune/Desktop/cpp/TP1/compteRendu.tex
(/home/neptune/Desktop/cpp/TP1/compteRendu.tex
LaTeX2e <2020-02-02> patch level 5
L3 programming layer <2020-06-03> (/usr/share/texmf-dist/tex/latex/base/article.cls
Document Class: article 2019/12/20 v1.4l Standard LaTeX document class
(/usr/share/texmf-dist/tex/latex/base/size10.clo
File: size10.clo 2019/12/20 v1.4l Standard LaTeX file (size option)
)
\c@part=\count167
\c@section=\count168
\c@subsection=\count169
\c@subsubsection=\count170
\c@paragraph=\count171
\c@subparagraph=\count172
\c@figure=\count173
\c@table=\count174
\abovecaptionskip=\skip47
\belowcaptionskip=\skip48
\bibindent=\dimen134
) (/usr/share/texmf-dist/tex/latex/base/inputenc.sty
Package: inputenc 2018/08/11 v1.3c Input encoding file
\inpenc@prehook=\toks15
\inpenc@posthook=\toks16
) (/usr/share/texmf-dist/tex/latex/listings/listings.sty (/usr/share/texmf-dist/tex/latex/graphics/keyval.sty
Package: keyval 2014/10/28 v1.15 key=value parser (DPC)
\KV@toks@=\toks17
)
\lst@mode=\count175
\lst@gtempboxa=\box45
\lst@token=\toks18
\lst@length=\count176
\lst@currlwidth=\dimen135
\lst@column=\count177
\lst@pos=\count178
\lst@lostspace=\dimen136
\lst@width=\dimen137
\lst@newlines=\count179
\lst@lineno=\count180
\lst@maxwidth=\dimen138
 (/usr/share/texmf-dist/tex/latex/listings/lstmisc.sty
File: lstmisc.sty 2020/03/24 1.8d (Carsten Heinz)
\c@lstnumber=\count181
\lst@skipnumbers=\count182
\lst@framebox=\box46
) (/usr/share/texmf-dist/tex/latex/listings/listings.cfg
File: listings.cfg 2020/03/24 1.8d listings configuration
))
Package: listings 2020/03/24 1.8d (Carsten Heinz)
 (/usr/share/texmf-dist/tex/latex/graphics/graphicx.sty
Package: graphicx 2019/11/30 v1.2a Enhanced LaTeX Graphics (DPC,SPQR)
 (/usr/share/texmf-dist/tex/latex/graphics/graphics.sty
Package: graphics 2019/11/30 v1.4a Standard LaTeX Graphics (DPC,SPQR)
 (/usr/share/texmf-dist/tex/latex/graphics/trig.sty
Package: trig 2016/01/03 v1.10 sin cos tan (DPC)
) (/usr/share/texmf-dist/tex/latex/graphics-cfg/graphics.cfg
File: graphics.cfg 2016/06/04 v1.11 sample graphics configuration
)
Package graphics Info: Driver file: pdftex.def on input line 105.
 (/usr/share/texmf-dist/tex/latex/graphics-def/pdftex.def
File: pdftex.def 2018/01/08 v1.0l Graphics/color driver for pdftex
))
\Gin@req@height=\dimen139
\Gin@req@width=\dimen140
) (/usr/share/texmf-dist/tex/latex/caption/subcaption.sty
Package: subcaption 2020/01/22 v1.3d Sub-captions (AR)
 (/usr/share/texmf-dist/tex/latex/caption/caption.sty
Package: caption 2020/05/10 v3.4j Customizing captions (AR)
 (/usr/share/texmf-dist/tex/latex/caption/caption3.sty
Package: caption3 2020/05/10 v1.11 caption3 kernel (AR)
Package caption3 Info: TeX engine: e-TeX on input line 61.
\captionmargin=\dimen141
\captionmargin@=\dimen142
\captionwidth=\dimen143
\caption@tempdima=\dimen144
\caption@indent=\dimen145
\caption@parindent=\dimen146
\caption@hangindent=\dimen147
Package caption Info: Standard document class detected.
)
\c@caption@flags=\count183
\c@continuedfloat=\count184
Package caption Info: listings package is loaded.
)
\c@subfigure=\count185
\c@subtable=\count186
) (/usr/share/texmf-dist/tex/latex/adjustbox/adjustbox.sty
Package: adjustbox 2019/01/04 v1.2 Adjusting TeX boxes (trim, clip, ...)
 (/usr/share/texmf-dist/tex/latex/xkeyval/xkeyval.sty
Package: xkeyval 2014/12/03 v2.7a package option processing (HA)
 (/usr/share/texmf-dist/tex/generic/xkeyval/xkeyval.tex (/usr/share/texmf-dist/tex/generic/xkeyval/xkvutils.tex
\XKV@toks=\toks19
\XKV@tempa@toks=\toks20
)
\XKV@depth=\count187
File: xkeyval.tex 2014/12/03 v2.7a key=value parser (HA)
)) (/usr/share/texmf-dist/tex/latex/adjustbox/adjcalc.sty
Package: adjcalc 2012/05/16 v1.1 Provides advanced setlength with multiple back-ends (calc, etex, pgfmath)
) (/usr/share/texmf-dist/tex/latex/adjustbox/trimclip.sty
Package: trimclip 2018/04/08 v1.1 Trim and clip general TeX material
 (/usr/share/texmf-dist/tex/latex/collectbox/collectbox.sty
Package: collectbox 2012/05/17 v0.4b Collect macro arguments as boxes
\collectedbox=\box47
)
\tc@llx=\dimen148
\tc@lly=\dimen149
\tc@urx=\dimen150
\tc@ury=\dimen151
Package trimclip Info: Using driver 'tc-pdftex.def'.
 (/usr/share/texmf-dist/tex/latex/adjustbox/tc-pdftex.def
File: tc-pdftex.def 2019/01/04 v2.2 Clipping driver for pdftex
))
\adjbox@Width=\dimen152
\adjbox@Height=\dimen153
\adjbox@Depth=\dimen154
\adjbox@Totalheight=\dimen155
\adjbox@pwidth=\dimen156
\adjbox@pheight=\dimen157
\adjbox@pdepth=\dimen158
\adjbox@ptotalheight=\dimen159
 (/usr/share/texmf-dist/tex/latex/ifoddpage/ifoddpage.sty
Package: ifoddpage 2016/04/23 v1.1 Conditionals for odd/even page detection
\c@checkoddpage=\count188
) (/usr/share/texmf-dist/tex/latex/varwidth/varwidth.sty
Package: varwidth 2009/03/30 ver 0.92;  Variable-width minipages
\@vwid@box=\box48
\sift@deathcycles=\count189
\@vwid@loff=\dimen160
\@vwid@roff=\dimen161
)) (/usr/share/texmf-dist/tex/latex/hyperref/hyperref.sty
Package: hyperref 2020-05-15 v7.00e Hypertext links for LaTeX
 (/usr/share/texmf-dist/tex/generic/ltxcmds/ltxcmds.sty
Package: ltxcmds 2019/12/15 v1.24 LaTeX kernel commands for general use (HO)
) (/usr/share/texmf-dist/tex/generic/iftex/iftex.sty
Package: iftex 2020/03/06 v1.0d TeX engine tests
) (/usr/share/texmf-dist/tex/latex/pdftexcmds/pdftexcmds.sty
Package: pdftexcmds 2020-06-04 v0.32 Utility functions of pdfTeX for LuaTeX (HO)
 (/usr/share/texmf-dist/tex/generic/infwarerr/infwarerr.sty
Package: infwarerr 2019/12/03 v1.5 Providing info/warning/error messages (HO)
)
Package pdftexcmds Info: \pdf@primitive is available.
Package pdftexcmds Info: \pdf@ifprimitive is available.
Package pdftexcmds Info: \pdfdraftmode found.
) (/usr/share/texmf-dist/tex/generic/kvsetkeys/kvsetkeys.sty
Package: kvsetkeys 2019/12/15 v1.18 Key value parser (HO)
) (/usr/share/texmf-dist/tex/generic/kvdefinekeys/kvdefinekeys.sty
Package: kvdefinekeys 2019-12-19 v1.6 Define keys (HO)
) (/usr/share/texmf-dist/tex/generic/pdfescape/pdfescape.sty
Package: pdfescape 2019/12/09 v1.15 Implements pdfTeX's escape features (HO)
) (/usr/share/texmf-dist/tex/latex/hycolor/hycolor.sty
Package: hycolor 2020-01-27 v1.10 Color options for hyperref/bookmark (HO)
) (/usr/share/texmf-dist/tex/latex/letltxmacro/letltxmacro.sty
Package: letltxmacro 2019/12/03 v1.6 Let assignment for LaTeX macros (HO)
) (/usr/share/texmf-dist/tex/latex/auxhook/auxhook.sty
Package: auxhook 2019-12-17 v1.6 Hooks for auxiliary files (HO)
) (/usr/share/texmf-dist/tex/latex/kvoptions/kvoptions.sty
Package: kvoptions 2019/11/29 v3.13 Key value format for package options (HO)
)
\@linkdim=\dimen162
\Hy@linkcounter=\count190
\Hy@pagecounter=\count191
 (/usr/share/texmf-dist/tex/latex/hyperref/pd1enc.def
File: pd1enc.def 2020-05-15 v7.00e Hyperref: PDFDocEncoding definition (HO)
Now handling font encoding PD1 ...
... no UTF-8 mapping file for font encoding PD1
) (/usr/share/texmf-dist/tex/generic/intcalc/intcalc.sty
Package: intcalc 2019/12/15 v1.3 Expandable calculations with integers (HO)
) (/usr/share/texmf-dist/tex/generic/etexcmds/etexcmds.sty
Package: etexcmds 2019/12/15 v1.7 Avoid name clashes with e-TeX commands (HO)
)
\Hy@SavedSpaceFactor=\count192
Package hyperref Info: Hyper figures OFF on input line 4464.
Package hyperref Info: Link nesting OFF on input line 4469.
Package hyperref Info: Hyper index ON on input line 4472.
Package hyperref Info: Plain pages OFF on input line 4479.
Package hyperref Info: Backreferencing OFF on input line 4484.
Package hyperref Info: Implicit mode ON; LaTeX internals redefined.
Package hyperref Info: Bookmarks ON on input line 4717.
\c@Hy@tempcnt=\count193
 (/usr/share/texmf-dist/tex/latex/url/url.sty
\Urlmuskip=\muskip16
Package: url 2013/09/16  ver 3.4  Verb mode for urls, etc.
)
LaTeX Info: Redefining \url on input line 5076.
\XeTeXLinkMargin=\dimen163
 (/usr/share/texmf-dist/tex/generic/bitset/bitset.sty
Package: bitset 2019/12/09 v1.3 Handle bit-vector datatype (HO)
 (/usr/share/texmf-dist/tex/generic/bigintcalc/bigintcalc.sty
Package: bigintcalc 2019/12/15 v1.5 Expandable calculations on big integers (HO)
))
\Fld@menulength=\count194
\Field@Width=\dimen164
\Fld@charsize=\dimen165
Package hyperref Info: Hyper figures OFF on input line 6347.
Package hyperref Info: Link nesting OFF on input line 6352.
Package hyperref Info: Hyper index ON on input line 6355.
Package hyperref Info: backreferencing OFF on input line 6362.
Package hyperref Info: Link coloring OFF on input line 6367.
Package hyperref Info: Link coloring with OCG OFF on input line 6372.
Package hyperref Info: PDF/A mode OFF on input line 6377.
LaTeX Info: Redefining \ref on input line 6417.
LaTeX Info: Redefining \pageref on input line 6421.
 (/usr/share/texmf-dist/tex/generic/atbegshi/atbegshi.sty
Package: atbegshi 2019/12/05 v1.19 At begin shipout hook (HO)
)
\Hy@abspage=\count195
\c@Item=\count196
\c@Hfootnote=\count197
)
Package hyperref Info: Driver (autodetected): hpdftex.
 (/usr/share/texmf-dist/tex/latex/hyperref/hpdftex.def
File: hpdftex.def 2020-05-15 v7.00e Hyperref driver for pdfTeX
 (/usr/share/texmf-dist/tex/latex/atveryend/atveryend.sty
Package: atveryend 2019-12-11 v1.11 Hooks at the very end of document (HO)
Package atveryend Info: \enddocument detected (standard20110627).
)
\Fld@listcount=\count198
\c@bookmark@seq@number=\count199
 (/usr/share/texmf-dist/tex/latex/rerunfilecheck/rerunfilecheck.sty
Package: rerunfilecheck 2019/12/05 v1.9 Rerun checks for auxiliary files (HO)
 (/usr/share/texmf-dist/tex/generic/uniquecounter/uniquecounter.sty
Package: uniquecounter 2019/12/15 v1.4 Provide unlimited unique counter (HO)
)
Package uniquecounter Info: New unique counter `rerunfilecheck' on input line 286.
)
\Hy@SectionHShift=\skip49
) (/usr/share/texmf-dist/tex/latex/imakeidx/imakeidx.sty
Package: imakeidx 2016/10/15 v1.3e Package for typesetting indices in a synchronous mode
 (/usr/share/texmf-dist/tex/generic/iftex/ifxetex.sty
Package: ifxetex 2019/10/25 v0.7 ifxetex legacy package. Use iftex instead.
) (/usr/share/texmf-dist/tex/generic/iftex/ifluatex.sty
Package: ifluatex 2019/10/25 v1.5 ifluatex legacy package. Use iftex instead.
) (/usr/share/texmf-dist/tex/latex/tools/multicol.sty
Package: multicol 2019/12/09 v1.8y multicolumn formatting (FMi)
\c@tracingmulticols=\count266
\mult@box=\box49
\multicol@leftmargin=\dimen166
\c@unbalance=\count267
\c@collectmore=\count268
\doublecol@number=\count269
\multicoltolerance=\count270
\multicolpretolerance=\count271
\full@width=\dimen167
\page@free=\dimen168
\premulticols=\dimen169
\postmulticols=\dimen170
\multicolsep=\skip50
\multicolbaselineskip=\skip51
\partial@page=\box50
\last@line=\box51
\maxbalancingoverflow=\dimen171
\mult@rightbox=\box52
\mult@grightbox=\box53
\mult@gfirstbox=\box54
\mult@firstbox=\box55
\@tempa=\box56
\@tempa=\box57
\@tempa=\box58
\@tempa=\box59
\@tempa=\box60
\@tempa=\box61
\@tempa=\box62
\@tempa=\box63
\@tempa=\box64
\@tempa=\box65
\@tempa=\box66
\@tempa=\box67
\@tempa=\box68
\@tempa=\box69
\@tempa=\box70
\@tempa=\box71
\@tempa=\box72
\@tempa=\box73
\@tempa=\box74
\@tempa=\box75
\@tempa=\box76
\@tempa=\box77
\@tempa=\box78
\@tempa=\box79
\@tempa=\box80
\@tempa=\box81
\@tempa=\box82
\@tempa=\box83
\@tempa=\box84
\@tempa=\box85
\@tempa=\box86
\@tempa=\box87
\@tempa=\box88
\@tempa=\box89
\@tempa=\box90
\@tempa=\box91
\@tempa=\box92
\c@minrows=\count272
\c@columnbadness=\count273
\c@finalcolumnbadness=\count274
\last@try=\dimen172
\multicolovershoot=\dimen173
\multicolundershoot=\dimen174
\mult@nat@firstbox=\box93
\colbreak@box=\box94
\mc@col@check@num=\count275
)) (/usr/share/texmf-dist/tex/latex/l3backend/l3backend-pdfmode.def
File: l3backend-pdfmode.def 2020-06-03 L3 backend support: PDF mode
\l__kernel_color_stack_int=\count276
\l__pdf_internal_box=\box95
) (/home/neptune/Desktop/cpp/TP1/compteRendu.aux)
LaTeX Font Info:    Checking defaults for OML/cmm/m/it on input line 15.
LaTeX Font Info:    ... okay on input line 15.
LaTeX Font Info:    Checking defaults for OMS/cmsy/m/n on input line 15.
LaTeX Font Info:    ... okay on input line 15.
LaTeX Font Info:    Checking defaults for OT1/cmr/m/n on input line 15.
LaTeX Font Info:    ... okay on input line 15.
LaTeX Font Info:    Checking defaults for T1/cmr/m/n on input line 15.
LaTeX Font Info:    ... okay on input line 15.
LaTeX Font Info:    Checking defaults for TS1/cmr/m/n on input line 15.
LaTeX Font Info:    ... okay on input line 15.
LaTeX Font Info:    Checking defaults for OMX/cmex/m/n on input line 15.
LaTeX Font Info:    ... okay on input line 15.
LaTeX Font Info:    Checking defaults for U/cmr/m/n on input line 15.
LaTeX Font Info:    ... okay on input line 15.
LaTeX Font Info:    Checking defaults for PD1/pdf/m/n on input line 15.
LaTeX Font Info:    ... okay on input line 15.
\c@lstlisting=\count277
 (/usr/share/texmf-dist/tex/context/base/mkii/supp-pdf.mkii
[Loading MPS to PDF converter (version 2006.09.02).]
\scratchcounter=\count278
\scratchdimen=\dimen175
\scratchbox=\box96
\nofMPsegments=\count279
\nofMParguments=\count280
\everyMPshowfont=\toks21
\MPscratchCnt=\count281
\MPscratchDim=\dimen176
\MPnumerator=\count282
\makeMPintoPDFobject=\count283
\everyMPtoPDFconversion=\toks22
) (/usr/share/texmf-dist/tex/latex/epstopdf-pkg/epstopdf-base.sty
Package: epstopdf-base 2020-01-24 v2.11 Base part for package epstopdf
Package epstopdf-base Info: Redefining graphics rule for `.eps' on input line 485.
 (/usr/share/texmf-dist/tex/latex/latexconfig/epstopdf-sys.cfg
File: epstopdf-sys.cfg 2010/07/13 v1.3 Configuration of (r)epstopdf for TeX Live
))
Package caption Info: Begin \AtBeginDocument code.
Package caption Info: hyperref package is loaded.
Package caption Info: End \AtBeginDocument code.
\AtBeginShipoutBox=\box97
Package hyperref Info: Link coloring OFF on input line 15.
 (/usr/share/texmf-dist/tex/latex/hyperref/nameref.sty
Package: nameref 2019/09/16 v2.46 Cross-referencing by name of section
 (/usr/share/texmf-dist/tex/latex/refcount/refcount.sty
Package: refcount 2019/12/15 v3.6 Data extraction from label references (HO)
) (/usr/share/texmf-dist/tex/generic/gettitlestring/gettitlestring.sty
Package: gettitlestring 2019/12/15 v1.6 Cleanup title references (HO)
)
\c@section@level=\count284
)
LaTeX Info: Redefining \ref on input line 15.
LaTeX Info: Redefining \pageref on input line 15.
LaTeX Info: Redefining \nameref on input line 15.
 (/home/neptune/Desktop/cpp/TP1/compteRendu.out) (/home/neptune/Desktop/cpp/TP1/compteRendu.out)
\@outlinefile=\write3
LaTeX Font Info:    External font `cmex10' loaded for size
(Font)              <12> on input line 18.
LaTeX Font Info:    External font `cmex10' loaded for size
(Font)              <8> on input line 18.
LaTeX Font Info:    External font `cmex10' loaded for size
(Font)              <6> on input line 18.
 [1

{/var/lib/texmf/fonts/map/pdftex/updmap/pdftex.map}] (/home/neptune/Desktop/cpp/TP1/compteRendu.toc
LaTeX Font Info:    External font `cmex10' loaded for size
(Font)              <7> on input line 12.
LaTeX Font Info:    External font `cmex10' loaded for size
(Font)              <5> on input line 12.
)
\tf@toc=\write4
pdfTeX warning (ext4): destination with the same identifier (name{page.}) has been already used, duplicate ignored
<to be read again> 
                   \relax 
l.21 \newpage
              [2] (/usr/share/texmf-dist/tex/latex/listings/lstlang1.sty
File: lstlang1.sty 2020/03/24 1.8d listings language file
) (/usr/share/texmf-dist/tex/latex/listings/lstlang1.sty
File: lstlang1.sty 2020/03/24 1.8d listings language file
)
LaTeX Font Info:    Trying to load font information for OMS+cmr on input line 61.
 (/usr/share/texmf-dist/tex/latex/base/omscmr.fd
File: omscmr.fd 2019/12/16 v2.5j Standard LaTeX font definitions
)
LaTeX Font Info:    Font shape `OMS/cmr/m/n' in size <10> not available
(Font)              Font shape `OMS/cmsy/m/n' tried instead on input line 61.
 [1]
<./images/colors.jpeg, id=105, 256.96pt x 256.96pt>
File: ./images/colors.jpeg Graphic file (type jpg)
<use ./images/colors.jpeg>
Package pdftex.def Info: ./images/colors.jpeg  used on input line 82.
(pdftex.def)             Requested size: 192.71951pt x 192.71951pt.
 [2 </home/neptune/Desktop/cpp/TP1/./images/colors.jpeg>]
<./images/patinoire.jpeg, id=115, 4015.0pt x 2258.4375pt>
File: ./images/patinoire.jpeg Graphic file (type jpg)
<use ./images/patinoire.jpeg>
Package pdftex.def Info: ./images/patinoire.jpeg  used on input line 95.
(pdftex.def)             Requested size: 206.94942pt x 113.79001pt.
<./images/patinoire-inv.jpeg, id=116, 4015.0pt x 2258.4375pt>
File: ./images/patinoire-inv.jpeg Graphic file (type jpg)
<use ./images/patinoire-inv.jpeg>
Package pdftex.def Info: ./images/patinoire-inv.jpeg  used on input line 98.
(pdftex.def)             Requested size: 206.94942pt x 113.79001pt.

Overfull \hbox (71.22643pt too wide) in paragraph at lines 94--100
[]$[]$ $[]$ 
 []

[3 </home/neptune/Desktop/cpp/TP1/./images/patinoire.jpeg> </home/neptune/Desktop/cpp/TP1/./images/patinoire-inv.jpeg>]
Overfull \hbox (28.55138pt too wide) in paragraph at lines 102--102
[]\OT1/cmr/bx/n/14.4 On ra-joute les ac-cesseurs et un it^^Serateur g^^Sen^^Serique
 []

File: ./images/patinoire.jpeg Graphic file (type jpg)
<use ./images/patinoire.jpeg>
Package pdftex.def Info: ./images/patinoire.jpeg  used on input line 114.
(pdftex.def)             Requested size: 206.94942pt x 113.79001pt.
<./images/patinoire_red.jpeg, id=125, 4015.0pt x 2258.4375pt>
File: ./images/patinoire_red.jpeg Graphic file (type jpg)
<use ./images/patinoire_red.jpeg>
Package pdftex.def Info: ./images/patinoire_red.jpeg  used on input line 119.
(pdftex.def)             Requested size: 206.94942pt x 113.79001pt.
<./images/patinoire_green.jpeg, id=126, 4015.0pt x 2258.4375pt>
File: ./images/patinoire_green.jpeg Graphic file (type jpg)
<use ./images/patinoire_green.jpeg>
Package pdftex.def Info: ./images/patinoire_green.jpeg  used on input line 124.
(pdftex.def)             Requested size: 206.94942pt x 113.79001pt.
<./images/patinoire_blue.jpeg, id=127, 4015.0pt x 2258.4375pt>
File: ./images/patinoire_blue.jpeg Graphic file (type jpg)
<use ./images/patinoire_blue.jpeg>
Package pdftex.def Info: ./images/patinoire_blue.jpeg  used on input line 129.
(pdftex.def)             Requested size: 206.94942pt x 113.79001pt.

Overfull \hbox (71.22643pt too wide) in paragraph at lines 113--133
[]$[]$ $[]$
 []


Overfull \hbox (71.22643pt too wide) in paragraph at lines 113--133
[]$ $[]$ 
 []

[4 </home/neptune/Desktop/cpp/TP1/./images/patinoire_red.jpeg> </home/neptune/Desktop/cpp/TP1/./images/patinoire_green.jpeg> </home/neptune/Desktop/cpp/TP1/./images/patinoire_blue.jpeg>]
<./images/dessin1.jpeg, id=139, 642.4pt x 1140.26pt>
File: ./images/dessin1.jpeg Graphic file (type jpg)
<use ./images/dessin1.jpeg>
Package pdftex.def Info: ./images/dessin1.jpeg  used on input line 145.
(pdftex.def)             Requested size: 207.00333pt x 199.16571pt.
<./images/dessin1_catho.jpeg, id=140, 642.4pt x 1140.26pt>
File: ./images/dessin1_catho.jpeg Graphic file (type jpg)
<use ./images/dessin1_catho.jpeg>
Package pdftex.def Info: ./images/dessin1_catho.jpeg  used on input line 150.
(pdftex.def)             Requested size: 207.00333pt x 199.16571pt.

Overfull \hbox (71.22643pt too wide) in paragraph at lines 144--154
[]$[]$ $[]$ 
 []

[5 </home/neptune/Desktop/cpp/TP1/./images/dessin1.jpeg> </home/neptune/Desktop/cpp/TP1/./images/dessin1_catho.jpeg>]
<./images/lena.jpeg, id=151, 256.96pt x 256.96pt>
File: ./images/lena.jpeg Graphic file (type jpg)
<use ./images/lena.jpeg>
Package pdftex.def Info: ./images/lena.jpeg  used on input line 170.
(pdftex.def)             Requested size: 207.00331pt x 170.7194pt.
<./images/lenaHisto.jpeg, id=152, 519.9425pt x 256.96pt>
File: ./images/lenaHisto.jpeg Graphic file (type jpg)
<use ./images/lenaHisto.jpeg>
Package pdftex.def Info: ./images/lenaHisto.jpeg  used on input line 176.
(pdftex.def)             Requested size: 344.99579pt x 170.7194pt.
 [6 </home/neptune/Desktop/cpp/TP1/./images/lena.jpeg> </home/neptune/Desktop/cpp/TP1/./images/lenaHisto.jpeg>]
<./images/kowloon.jpeg, id=161, 1003.75pt x 657.45625pt>
File: ./images/kowloon.jpeg Graphic file (type jpg)
<use ./images/kowloon.jpeg>
Package pdftex.def Info: ./images/kowloon.jpeg  used on input line 193.
(pdftex.def)             Requested size: 275.99382pt x 170.71388pt.
<./images/kowloonHisto.jpeg, id=162, 519.9425pt x 256.96pt>
File: ./images/kowloonHisto.jpeg Graphic file (type jpg)
<use ./images/kowloonHisto.jpeg>
Package pdftex.def Info: ./images/kowloonHisto.jpeg  used on input line 199.
(pdftex.def)             Requested size: 344.99579pt x 170.7194pt.
 [7 </home/neptune/Desktop/cpp/TP1/./images/kowloon.jpeg> </home/neptune/Desktop/cpp/TP1/./images/kowloonHisto.jpeg>]
File: ./images/kowloon.jpeg Graphic file (type jpg)
<use ./images/kowloon.jpeg>
Package pdftex.def Info: ./images/kowloon.jpeg  used on input line 218.
(pdftex.def)             Requested size: 172.48848pt x 113.80257pt.
<./images/kowloon_egalise.jpeg, id=171, 1003.75pt x 657.45625pt>
File: ./images/kowloon_egalise.jpeg Graphic file (type jpg)
<use ./images/kowloon_egalise.jpeg>
Package pdftex.def Info: ./images/kowloon_egalise.jpeg  used on input line 223.
(pdftex.def)             Requested size: 172.48848pt x 113.80257pt.
<./images/kowloon_histoEq.jpeg, id=172, 519.9425pt x 256.96pt>
File: ./images/kowloon_histoEq.jpeg Graphic file (type jpg)
<use ./images/kowloon_histoEq.jpeg>
Package pdftex.def Info: ./images/kowloon_histoEq.jpeg  used on input line 229.
(pdftex.def)             Requested size: 344.99579pt x 170.7194pt.

Overfull \hbox (2.22221pt too wide) in paragraph at lines 217--233
[]$[]$ $[]$
 []

[8 </home/neptune/Desktop/cpp/TP1/./images/kowloon_egalise.jpeg> </home/neptune/Desktop/cpp/TP1/./images/kowloon_histoEq.jpeg>]
<./images/patinoire3.jpeg, id=182, 4015.0pt x 2258.4375pt>
File: ./images/patinoire3.jpeg Graphic file (type jpg)
<use ./images/patinoire3.jpeg>
Package pdftex.def Info: ./images/patinoire3.jpeg  used on input line 247.
(pdftex.def)             Requested size: 206.94942pt x 142.25475pt.
<./images/patinoire3Invert.jpeg, id=183, 4015.0pt x 2258.4375pt>
File: ./images/patinoire3Invert.jpeg Graphic file (type jpg)
<use ./images/patinoire3Invert.jpeg>
Package pdftex.def Info: ./images/patinoire3Invert.jpeg  used on input line 252.
(pdftex.def)             Requested size: 206.94942pt x 142.25475pt.

Overfull \hbox (71.22643pt too wide) in paragraph at lines 246--256
[]$[]$ $[]$ 
 []

<./images/patinoire2.jpeg, id=185, 1604.99625pt x 1191.45125pt>
File: ./images/patinoire2.jpeg Graphic file (type jpg)
<use ./images/patinoire2.jpeg>
Package pdftex.def Info: ./images/patinoire2.jpeg  used on input line 267.
(pdftex.def)             Requested size: 206.9915pt x 142.25896pt.
<./images/patinoire2Sepia.jpeg, id=186, 1604.99625pt x 1191.45125pt>
File: ./images/patinoire2Sepia.jpeg Graphic file (type jpg)
<use ./images/patinoire2Sepia.jpeg>
Package pdftex.def Info: ./images/patinoire2Sepia.jpeg  used on input line 272.
(pdftex.def)             Requested size: 206.9915pt x 142.25896pt.

Overfull \hbox (71.22643pt too wide) in paragraph at lines 266--276
[]$[]$ $[]$ 
 []

Package atveryend Info: Empty hook `BeforeClearDocument' on input line 279.
[9 </home/neptune/Desktop/cpp/TP1/./images/patinoire3.jpeg> </home/neptune/Desktop/cpp/TP1/./images/patinoire3Invert.jpeg> </home/neptune/Desktop/cpp/TP1/./images/patinoire2.jpeg> </home/neptune/Desktop/cpp/TP1/./images/patinoire2Sepia.jpeg>] [10]
Package atveryend Info: Empty hook `AfterLastShipout' on input line 279.
 (/home/neptune/Desktop/cpp/TP1/compteRendu.aux)
Package atveryend Info: Executing hook `AtVeryEndDocument' on input line 279.
Package atveryend Info: Executing hook `AtEndAfterFileList' on input line 279.
Package rerunfilecheck Info: File `compteRendu.out' has not changed.
(rerunfilecheck)             Checksum: 7E1CF05D4BA2BD960D13EC86B0639832;986.
Package atveryend Info: Empty hook `AtVeryVeryEnd' on input line 279.
 ) 
Here is how much of TeX's memory you used:
 9742 strings out of 480478
 151761 string characters out of 5905958
 598887 words of memory out of 5000000
 25524 multiletter control sequences out of 15000+600000
 537573 words of font info for 41 fonts, out of 8000000 for 9000
 1141 hyphenation exceptions out of 8191
 47i,7n,99p,444b,1320s stack positions out of 5000i,500n,10000p,200000b,80000s
{/usr/share/texmf-dist/fonts/enc/dvips/cm-super/cm-super-ts1.enc}</usr/share/texmf-dist/fonts/type1/public/amsfonts/cm/cmbx10.pfb></usr/share/texmf-dist/fonts/type1/public/amsfonts/cm/cmbx12.pfb></usr/share/texmf-dist/fonts/type1/public/amsfonts/cm/cmr10.pfb></usr/share/texmf-dist/fonts/type1/public/amsfonts/cm/cmr12.pfb></usr/share/texmf-dist/fonts/type1/public/amsfonts/cm/cmr17.pfb></usr/share/texmf-dist/fonts/type1/public/amsfonts/cm/cmr9.pfb></usr/share/texmf-dist/fonts/type1/public/amsfonts/cm/cmsy10.pfb></usr/share/texmf-dist/fonts/type1/public/amsfonts/cm/cmti10.pfb></usr/share/texmf-dist/fonts/type1/public/cm-super/sfrm1000.pfb>
Output written on /home/neptune/Desktop/cpp/TP1/compteRendu.pdf (12 pages, 13813208 bytes).
PDF statistics:
 256 PDF objects out of 1000 (max. 8388607)
 212 compressed objects within 3 object streams
 82 named destinations out of 1000 (max. 500000)
 195 words of extra memory for PDF output out of 10000 (max. 10000000)

